2020-05-16T12:26:46.466Z [31m[1merror[22m[39m: 	uncaughtException: Route.get() requires a callback function but got a [object Object]
Error: Route.get() requires a callback function but got a [object Object]
    at Route.<computed> [as get] (C:\Users\91978\Desktop\Mentor\node_modules\express\lib\router\route.js:202:15)
    at Function.app.<computed> [as get] (C:\Users\91978\Desktop\Mentor\node_modules\express\lib\application.js:482:19)
    at Object.<anonymous> (C:\Users\91978\Desktop\Mentor\app.js:22:5)
    at Module._compile (internal/modules/cjs/loader.js:1133:30)
    at Object.Module._extensions..js (internal/modules/cjs/loader.js:1153:10)
    at Module.load (internal/modules/cjs/loader.js:977:32)
    at Function.Module._load (internal/modules/cjs/loader.js:877:14)
    at Function.executeUserEntryPoint [as runMain] (internal/modules/run_main.js:74:12)
    at internal/main/run_main_module.js:18:47 undefined
2020-05-16T12:27:06.183Z [31m[1merror[22m[39m: 	uncaughtException: Route.get() requires a callback function but got a [object Object]
Error: Route.get() requires a callback function but got a [object Object]
    at Route.<computed> [as get] (C:\Users\91978\Desktop\Mentor\node_modules\express\lib\router\route.js:202:15)
    at Function.app.<computed> [as get] (C:\Users\91978\Desktop\Mentor\node_modules\express\lib\application.js:482:19)
    at Object.<anonymous> (C:\Users\91978\Desktop\Mentor\app.js:22:5)
    at Module._compile (internal/modules/cjs/loader.js:1133:30)
    at Object.Module._extensions..js (internal/modules/cjs/loader.js:1153:10)
    at Module.load (internal/modules/cjs/loader.js:977:32)
    at Function.Module._load (internal/modules/cjs/loader.js:877:14)
    at Function.executeUserEntryPoint [as runMain] (internal/modules/run_main.js:74:12)
    at internal/main/run_main_module.js:18:47 undefined
2020-05-16T12:29:11.519Z [31m[1merror[22m[39m: 	uncaughtException: Route.get() requires a callback function but got a [object Object]
Error: Route.get() requires a callback function but got a [object Object]
    at Route.<computed> [as get] (C:\Users\91978\Desktop\Mentor\node_modules\express\lib\router\route.js:202:15)
    at Function.app.<computed> [as get] (C:\Users\91978\Desktop\Mentor\node_modules\express\lib\application.js:482:19)
    at Object.<anonymous> (C:\Users\91978\Desktop\Mentor\app.js:22:5)
    at Module._compile (internal/modules/cjs/loader.js:1133:30)
    at Object.Module._extensions..js (internal/modules/cjs/loader.js:1153:10)
    at Module.load (internal/modules/cjs/loader.js:977:32)
    at Function.Module._load (internal/modules/cjs/loader.js:877:14)
    at Function.executeUserEntryPoint [as runMain] (internal/modules/run_main.js:74:12)
    at internal/main/run_main_module.js:18:47 undefined
2020-05-16T12:31:03.881Z [31m[1merror[22m[39m: 	uncaughtException: Route.get() requires a callback function but got a [object Object]
Error: Route.get() requires a callback function but got a [object Object]
    at Route.<computed> [as get] (C:\Users\91978\Desktop\Mentor\node_modules\express\lib\router\route.js:202:15)
    at Function.app.<computed> [as get] (C:\Users\91978\Desktop\Mentor\node_modules\express\lib\application.js:482:19)
    at Object.<anonymous> (C:\Users\91978\Desktop\Mentor\app.js:23:5)
    at Module._compile (internal/modules/cjs/loader.js:1133:30)
    at Object.Module._extensions..js (internal/modules/cjs/loader.js:1153:10)
    at Module.load (internal/modules/cjs/loader.js:977:32)
    at Function.Module._load (internal/modules/cjs/loader.js:877:14)
    at Function.executeUserEntryPoint [as runMain] (internal/modules/run_main.js:74:12)
    at internal/main/run_main_module.js:18:47 undefined
2020-05-16T12:31:10.388Z [31m[1merror[22m[39m: 	uncaughtException: Route.get() requires a callback function but got a [object Object]
Error: Route.get() requires a callback function but got a [object Object]
    at Route.<computed> [as get] (C:\Users\91978\Desktop\Mentor\node_modules\express\lib\router\route.js:202:15)
    at Function.app.<computed> [as get] (C:\Users\91978\Desktop\Mentor\node_modules\express\lib\application.js:482:19)
    at Object.<anonymous> (C:\Users\91978\Desktop\Mentor\app.js:24:5)
    at Module._compile (internal/modules/cjs/loader.js:1133:30)
    at Object.Module._extensions..js (internal/modules/cjs/loader.js:1153:10)
    at Module.load (internal/modules/cjs/loader.js:977:32)
    at Function.Module._load (internal/modules/cjs/loader.js:877:14)
    at Function.executeUserEntryPoint [as runMain] (internal/modules/run_main.js:74:12)
    at internal/main/run_main_module.js:18:47 undefined
2020-05-16T12:33:38.689Z [31m[1merror[22m[39m: 	uncaughtException: Cannot find module './authentication/verifyJwtToken'
Require stack:
- C:\Users\91978\Desktop\Mentor\routes\user.js
- C:\Users\91978\Desktop\Mentor\app.js
Error: Cannot find module './authentication/verifyJwtToken'
Require stack:
- C:\Users\91978\Desktop\Mentor\routes\user.js
- C:\Users\91978\Desktop\Mentor\app.js
    at Function.Module._resolveFilename (internal/modules/cjs/loader.js:957:15)
    at Function.Module._load (internal/modules/cjs/loader.js:840:27)
    at Module.require (internal/modules/cjs/loader.js:1019:19)
    at require (internal/modules/cjs/helpers.js:77:18)
    at Object.<anonymous> (C:\Users\91978\Desktop\Mentor\routes\user.js:4:16)
    at Module._compile (internal/modules/cjs/loader.js:1133:30)
    at Object.Module._extensions..js (internal/modules/cjs/loader.js:1153:10)
    at Module.load (internal/modules/cjs/loader.js:977:32)
    at Function.Module._load (internal/modules/cjs/loader.js:877:14)
    at Module.require (internal/modules/cjs/loader.js:1019:19)
    at require (internal/modules/cjs/helpers.js:77:18)
    at Object.<anonymous> (C:\Users\91978\Desktop\Mentor\app.js:11:20)
    at Module._compile (internal/modules/cjs/loader.js:1133:30)
    at Object.Module._extensions..js (internal/modules/cjs/loader.js:1153:10)
    at Module.load (internal/modules/cjs/loader.js:977:32)
    at Function.Module._load (internal/modules/cjs/loader.js:877:14) undefined
2020-05-16T12:33:46.935Z [31m[1merror[22m[39m: 	uncaughtException: Cannot find module './authentication/verifyJwtToken'
Require stack:
- C:\Users\91978\Desktop\Mentor\routes\user.js
- C:\Users\91978\Desktop\Mentor\app.js
Error: Cannot find module './authentication/verifyJwtToken'
Require stack:
- C:\Users\91978\Desktop\Mentor\routes\user.js
- C:\Users\91978\Desktop\Mentor\app.js
    at Function.Module._resolveFilename (internal/modules/cjs/loader.js:957:15)
    at Function.Module._load (internal/modules/cjs/loader.js:840:27)
    at Module.require (internal/modules/cjs/loader.js:1019:19)
    at require (internal/modules/cjs/helpers.js:77:18)
    at Object.<anonymous> (C:\Users\91978\Desktop\Mentor\routes\user.js:4:16)
    at Module._compile (internal/modules/cjs/loader.js:1133:30)
    at Object.Module._extensions..js (internal/modules/cjs/loader.js:1153:10)
    at Module.load (internal/modules/cjs/loader.js:977:32)
    at Function.Module._load (internal/modules/cjs/loader.js:877:14)
    at Module.require (internal/modules/cjs/loader.js:1019:19)
    at require (internal/modules/cjs/helpers.js:77:18)
    at Object.<anonymous> (C:\Users\91978\Desktop\Mentor\app.js:10:20)
    at Module._compile (internal/modules/cjs/loader.js:1133:30)
    at Object.Module._extensions..js (internal/modules/cjs/loader.js:1153:10)
    at Module.load (internal/modules/cjs/loader.js:977:32)
    at Function.Module._load (internal/modules/cjs/loader.js:877:14) undefined
2020-05-16T12:33:53.510Z [31m[1merror[22m[39m: 	uncaughtException: Cannot find module './authentication/verifyJwtToken'
Require stack:
- C:\Users\91978\Desktop\Mentor\routes\user.js
- C:\Users\91978\Desktop\Mentor\app.js
Error: Cannot find module './authentication/verifyJwtToken'
Require stack:
- C:\Users\91978\Desktop\Mentor\routes\user.js
- C:\Users\91978\Desktop\Mentor\app.js
    at Function.Module._resolveFilename (internal/modules/cjs/loader.js:957:15)
    at Function.Module._load (internal/modules/cjs/loader.js:840:27)
    at Module.require (internal/modules/cjs/loader.js:1019:19)
    at require (internal/modules/cjs/helpers.js:77:18)
    at Object.<anonymous> (C:\Users\91978\Desktop\Mentor\routes\user.js:4:16)
    at Module._compile (internal/modules/cjs/loader.js:1133:30)
    at Object.Module._extensions..js (internal/modules/cjs/loader.js:1153:10)
    at Module.load (internal/modules/cjs/loader.js:977:32)
    at Function.Module._load (internal/modules/cjs/loader.js:877:14)
    at Module.require (internal/modules/cjs/loader.js:1019:19)
    at require (internal/modules/cjs/helpers.js:77:18)
    at Object.<anonymous> (C:\Users\91978\Desktop\Mentor\app.js:10:20)
    at Module._compile (internal/modules/cjs/loader.js:1133:30)
    at Object.Module._extensions..js (internal/modules/cjs/loader.js:1153:10)
    at Module.load (internal/modules/cjs/loader.js:977:32)
    at Function.Module._load (internal/modules/cjs/loader.js:877:14) undefined
2020-05-16T12:34:00.341Z [31m[1merror[22m[39m: 	uncaughtException: Cannot find module './authentication/verifyJwtToken'
Require stack:
- C:\Users\91978\Desktop\Mentor\routes\user.js
- C:\Users\91978\Desktop\Mentor\app.js
Error: Cannot find module './authentication/verifyJwtToken'
Require stack:
- C:\Users\91978\Desktop\Mentor\routes\user.js
- C:\Users\91978\Desktop\Mentor\app.js
    at Function.Module._resolveFilename (internal/modules/cjs/loader.js:957:15)
    at Function.Module._load (internal/modules/cjs/loader.js:840:27)
    at Module.require (internal/modules/cjs/loader.js:1019:19)
    at require (internal/modules/cjs/helpers.js:77:18)
    at Object.<anonymous> (C:\Users\91978\Desktop\Mentor\routes\user.js:4:16)
    at Module._compile (internal/modules/cjs/loader.js:1133:30)
    at Object.Module._extensions..js (internal/modules/cjs/loader.js:1153:10)
    at Module.load (internal/modules/cjs/loader.js:977:32)
    at Function.Module._load (internal/modules/cjs/loader.js:877:14)
    at Module.require (internal/modules/cjs/loader.js:1019:19)
    at require (internal/modules/cjs/helpers.js:77:18)
    at Object.<anonymous> (C:\Users\91978\Desktop\Mentor\app.js:10:20)
    at Module._compile (internal/modules/cjs/loader.js:1133:30)
    at Object.Module._extensions..js (internal/modules/cjs/loader.js:1153:10)
    at Module.load (internal/modules/cjs/loader.js:977:32)
    at Function.Module._load (internal/modules/cjs/loader.js:877:14) undefined
2020-05-16T12:34:26.313Z [31m[1merror[22m[39m: 	uncaughtException: Cannot find module './authentication/verifyJwtToken'
Require stack:
- C:\Users\91978\Desktop\Mentor\routes\user.js
- C:\Users\91978\Desktop\Mentor\app.js
Error: Cannot find module './authentication/verifyJwtToken'
Require stack:
- C:\Users\91978\Desktop\Mentor\routes\user.js
- C:\Users\91978\Desktop\Mentor\app.js
    at Function.Module._resolveFilename (internal/modules/cjs/loader.js:957:15)
    at Function.Module._load (internal/modules/cjs/loader.js:840:27)
    at Module.require (internal/modules/cjs/loader.js:1019:19)
    at require (internal/modules/cjs/helpers.js:77:18)
    at Object.<anonymous> (C:\Users\91978\Desktop\Mentor\routes\user.js:4:16)
    at Module._compile (internal/modules/cjs/loader.js:1133:30)
    at Object.Module._extensions..js (internal/modules/cjs/loader.js:1153:10)
    at Module.load (internal/modules/cjs/loader.js:977:32)
    at Function.Module._load (internal/modules/cjs/loader.js:877:14)
    at Module.require (internal/modules/cjs/loader.js:1019:19)
    at require (internal/modules/cjs/helpers.js:77:18)
    at Object.<anonymous> (C:\Users\91978\Desktop\Mentor\app.js:10:20)
    at Module._compile (internal/modules/cjs/loader.js:1133:30)
    at Object.Module._extensions..js (internal/modules/cjs/loader.js:1153:10)
    at Module.load (internal/modules/cjs/loader.js:977:32)
    at Function.Module._load (internal/modules/cjs/loader.js:877:14) undefined
2020-05-16T12:35:12.755Z [31m[1merror[22m[39m: 	uncaughtException: Cannot find module './authentication/verifyJwtToken'
Require stack:
- C:\Users\91978\Desktop\Mentor\routes\user.js
- C:\Users\91978\Desktop\Mentor\app.js
Error: Cannot find module './authentication/verifyJwtToken'
Require stack:
- C:\Users\91978\Desktop\Mentor\routes\user.js
- C:\Users\91978\Desktop\Mentor\app.js
    at Function.Module._resolveFilename (internal/modules/cjs/loader.js:957:15)
    at Function.Module._load (internal/modules/cjs/loader.js:840:27)
    at Module.require (internal/modules/cjs/loader.js:1019:19)
    at require (internal/modules/cjs/helpers.js:77:18)
    at Object.<anonymous> (C:\Users\91978\Desktop\Mentor\routes\user.js:4:16)
    at Module._compile (internal/modules/cjs/loader.js:1133:30)
    at Object.Module._extensions..js (internal/modules/cjs/loader.js:1153:10)
    at Module.load (internal/modules/cjs/loader.js:977:32)
    at Function.Module._load (internal/modules/cjs/loader.js:877:14)
    at Module.require (internal/modules/cjs/loader.js:1019:19)
    at require (internal/modules/cjs/helpers.js:77:18)
    at Object.<anonymous> (C:\Users\91978\Desktop\Mentor\app.js:10:20)
    at Module._compile (internal/modules/cjs/loader.js:1133:30)
    at Object.Module._extensions..js (internal/modules/cjs/loader.js:1153:10)
    at Module.load (internal/modules/cjs/loader.js:977:32)
    at Function.Module._load (internal/modules/cjs/loader.js:877:14) undefined
2020-05-16T12:35:51.810Z [31m[1merror[22m[39m: 	uncaughtException: Cannot find module './authentication/verifyJwtToken'
Require stack:
- C:\Users\91978\Desktop\Mentor\routes\user.js
- C:\Users\91978\Desktop\Mentor\app.js
Error: Cannot find module './authentication/verifyJwtToken'
Require stack:
- C:\Users\91978\Desktop\Mentor\routes\user.js
- C:\Users\91978\Desktop\Mentor\app.js
    at Function.Module._resolveFilename (internal/modules/cjs/loader.js:957:15)
    at Function.Module._load (internal/modules/cjs/loader.js:840:27)
    at Module.require (internal/modules/cjs/loader.js:1019:19)
    at require (internal/modules/cjs/helpers.js:77:18)
    at Object.<anonymous> (C:\Users\91978\Desktop\Mentor\routes\user.js:4:16)
    at Module._compile (internal/modules/cjs/loader.js:1133:30)
    at Object.Module._extensions..js (internal/modules/cjs/loader.js:1153:10)
    at Module.load (internal/modules/cjs/loader.js:977:32)
    at Function.Module._load (internal/modules/cjs/loader.js:877:14)
    at Module.require (internal/modules/cjs/loader.js:1019:19)
    at require (internal/modules/cjs/helpers.js:77:18)
    at Object.<anonymous> (C:\Users\91978\Desktop\Mentor\app.js:10:20)
    at Module._compile (internal/modules/cjs/loader.js:1133:30)
    at Object.Module._extensions..js (internal/modules/cjs/loader.js:1153:10)
    at Module.load (internal/modules/cjs/loader.js:977:32)
    at Function.Module._load (internal/modules/cjs/loader.js:877:14) undefined
2020-05-16T12:36:57.246Z [31m[1merror[22m[39m: 	uncaughtException: Cannot find module './authentication/verifyJwtToken'
Require stack:
- C:\Users\91978\Desktop\Mentor\routes\user.js
- C:\Users\91978\Desktop\Mentor\app.js
Error: Cannot find module './authentication/verifyJwtToken'
Require stack:
- C:\Users\91978\Desktop\Mentor\routes\user.js
- C:\Users\91978\Desktop\Mentor\app.js
    at Function.Module._resolveFilename (internal/modules/cjs/loader.js:957:15)
    at Function.Module._load (internal/modules/cjs/loader.js:840:27)
    at Module.require (internal/modules/cjs/loader.js:1019:19)
    at require (internal/modules/cjs/helpers.js:77:18)
    at Object.<anonymous> (C:\Users\91978\Desktop\Mentor\routes\user.js:4:16)
    at Module._compile (internal/modules/cjs/loader.js:1133:30)
    at Object.Module._extensions..js (internal/modules/cjs/loader.js:1153:10)
    at Module.load (internal/modules/cjs/loader.js:977:32)
    at Function.Module._load (internal/modules/cjs/loader.js:877:14)
    at Module.require (internal/modules/cjs/loader.js:1019:19)
    at require (internal/modules/cjs/helpers.js:77:18)
    at Object.<anonymous> (C:\Users\91978\Desktop\Mentor\app.js:10:20)
    at Module._compile (internal/modules/cjs/loader.js:1133:30)
    at Object.Module._extensions..js (internal/modules/cjs/loader.js:1153:10)
    at Module.load (internal/modules/cjs/loader.js:977:32)
    at Function.Module._load (internal/modules/cjs/loader.js:877:14) undefined
2020-05-16T12:37:04.638Z [31m[1merror[22m[39m: 	uncaughtException: Cannot find module './authentication/verifyJwtToken'
Require stack:
- C:\Users\91978\Desktop\Mentor\routes\user.js
- C:\Users\91978\Desktop\Mentor\app.js
Error: Cannot find module './authentication/verifyJwtToken'
Require stack:
- C:\Users\91978\Desktop\Mentor\routes\user.js
- C:\Users\91978\Desktop\Mentor\app.js
    at Function.Module._resolveFilename (internal/modules/cjs/loader.js:957:15)
    at Function.Module._load (internal/modules/cjs/loader.js:840:27)
    at Module.require (internal/modules/cjs/loader.js:1019:19)
    at require (internal/modules/cjs/helpers.js:77:18)
    at Object.<anonymous> (C:\Users\91978\Desktop\Mentor\routes\user.js:4:16)
    at Module._compile (internal/modules/cjs/loader.js:1133:30)
    at Object.Module._extensions..js (internal/modules/cjs/loader.js:1153:10)
    at Module.load (internal/modules/cjs/loader.js:977:32)
    at Function.Module._load (internal/modules/cjs/loader.js:877:14)
    at Module.require (internal/modules/cjs/loader.js:1019:19)
    at require (internal/modules/cjs/helpers.js:77:18)
    at Object.<anonymous> (C:\Users\91978\Desktop\Mentor\app.js:10:20)
    at Module._compile (internal/modules/cjs/loader.js:1133:30)
    at Object.Module._extensions..js (internal/modules/cjs/loader.js:1153:10)
    at Module.load (internal/modules/cjs/loader.js:977:32)
    at Function.Module._load (internal/modules/cjs/loader.js:877:14) undefined
2020-05-16T12:37:09.266Z [31m[1merror[22m[39m: 	uncaughtException: Cannot find module './authentication/verifyJwtToken'
Require stack:
- C:\Users\91978\Desktop\Mentor\routes\user.js
- C:\Users\91978\Desktop\Mentor\app.js
Error: Cannot find module './authentication/verifyJwtToken'
Require stack:
- C:\Users\91978\Desktop\Mentor\routes\user.js
- C:\Users\91978\Desktop\Mentor\app.js
    at Function.Module._resolveFilename (internal/modules/cjs/loader.js:957:15)
    at Function.Module._load (internal/modules/cjs/loader.js:840:27)
    at Module.require (internal/modules/cjs/loader.js:1019:19)
    at require (internal/modules/cjs/helpers.js:77:18)
    at Object.<anonymous> (C:\Users\91978\Desktop\Mentor\routes\user.js:4:16)
    at Module._compile (internal/modules/cjs/loader.js:1133:30)
    at Object.Module._extensions..js (internal/modules/cjs/loader.js:1153:10)
    at Module.load (internal/modules/cjs/loader.js:977:32)
    at Function.Module._load (internal/modules/cjs/loader.js:877:14)
    at Module.require (internal/modules/cjs/loader.js:1019:19)
    at require (internal/modules/cjs/helpers.js:77:18)
    at Object.<anonymous> (C:\Users\91978\Desktop\Mentor\app.js:10:20)
    at Module._compile (internal/modules/cjs/loader.js:1133:30)
    at Object.Module._extensions..js (internal/modules/cjs/loader.js:1153:10)
    at Module.load (internal/modules/cjs/loader.js:977:32)
    at Function.Module._load (internal/modules/cjs/loader.js:877:14) undefined
2020-05-16T12:37:30.638Z [31m[1merror[22m[39m: 	uncaughtException: Cannot find module './authentication/verifyJwtToken'
Require stack:
- C:\Users\91978\Desktop\Mentor\routes\user.js
- C:\Users\91978\Desktop\Mentor\app.js
Error: Cannot find module './authentication/verifyJwtToken'
Require stack:
- C:\Users\91978\Desktop\Mentor\routes\user.js
- C:\Users\91978\Desktop\Mentor\app.js
    at Function.Module._resolveFilename (internal/modules/cjs/loader.js:957:15)
    at Function.Module._load (internal/modules/cjs/loader.js:840:27)
    at Module.require (internal/modules/cjs/loader.js:1019:19)
    at require (internal/modules/cjs/helpers.js:77:18)
    at Object.<anonymous> (C:\Users\91978\Desktop\Mentor\routes\user.js:4:16)
    at Module._compile (internal/modules/cjs/loader.js:1133:30)
    at Object.Module._extensions..js (internal/modules/cjs/loader.js:1153:10)
    at Module.load (internal/modules/cjs/loader.js:977:32)
    at Function.Module._load (internal/modules/cjs/loader.js:877:14)
    at Module.require (internal/modules/cjs/loader.js:1019:19)
    at require (internal/modules/cjs/helpers.js:77:18)
    at Object.<anonymous> (C:\Users\91978\Desktop\Mentor\app.js:10:20)
    at Module._compile (internal/modules/cjs/loader.js:1133:30)
    at Object.Module._extensions..js (internal/modules/cjs/loader.js:1153:10)
    at Module.load (internal/modules/cjs/loader.js:977:32)
    at Function.Module._load (internal/modules/cjs/loader.js:877:14) undefined
2020-05-16T12:37:50.327Z [31m[1merror[22m[39m: 	uncaughtException: Cannot find module './authentication/verifyJwtToken'
Require stack:
- C:\Users\91978\Desktop\Mentor\routes\user.js
- C:\Users\91978\Desktop\Mentor\app.js
Error: Cannot find module './authentication/verifyJwtToken'
Require stack:
- C:\Users\91978\Desktop\Mentor\routes\user.js
- C:\Users\91978\Desktop\Mentor\app.js
    at Function.Module._resolveFilename (internal/modules/cjs/loader.js:957:15)
    at Function.Module._load (internal/modules/cjs/loader.js:840:27)
    at Module.require (internal/modules/cjs/loader.js:1019:19)
    at require (internal/modules/cjs/helpers.js:77:18)
    at Object.<anonymous> (C:\Users\91978\Desktop\Mentor\routes\user.js:4:18)
    at Module._compile (internal/modules/cjs/loader.js:1133:30)
    at Object.Module._extensions..js (internal/modules/cjs/loader.js:1153:10)
    at Module.load (internal/modules/cjs/loader.js:977:32)
    at Function.Module._load (internal/modules/cjs/loader.js:877:14)
    at Module.require (internal/modules/cjs/loader.js:1019:19)
    at require (internal/modules/cjs/helpers.js:77:18)
    at Object.<anonymous> (C:\Users\91978\Desktop\Mentor\app.js:10:20)
    at Module._compile (internal/modules/cjs/loader.js:1133:30)
    at Object.Module._extensions..js (internal/modules/cjs/loader.js:1153:10)
    at Module.load (internal/modules/cjs/loader.js:977:32)
    at Function.Module._load (internal/modules/cjs/loader.js:877:14) undefined
2020-05-16T12:38:12.710Z [31m[1merror[22m[39m: 	uncaughtException: Cannot find module './authentication/verifyJwtToken'
Require stack:
- C:\Users\91978\Desktop\Mentor\routes\user.js
- C:\Users\91978\Desktop\Mentor\app.js
Error: Cannot find module './authentication/verifyJwtToken'
Require stack:
- C:\Users\91978\Desktop\Mentor\routes\user.js
- C:\Users\91978\Desktop\Mentor\app.js
    at Function.Module._resolveFilename (internal/modules/cjs/loader.js:957:15)
    at Function.Module._load (internal/modules/cjs/loader.js:840:27)
    at Module.require (internal/modules/cjs/loader.js:1019:19)
    at require (internal/modules/cjs/helpers.js:77:18)
    at Object.<anonymous> (C:\Users\91978\Desktop\Mentor\routes\user.js:4:18)
    at Module._compile (internal/modules/cjs/loader.js:1133:30)
    at Object.Module._extensions..js (internal/modules/cjs/loader.js:1153:10)
    at Module.load (internal/modules/cjs/loader.js:977:32)
    at Function.Module._load (internal/modules/cjs/loader.js:877:14)
    at Module.require (internal/modules/cjs/loader.js:1019:19)
    at require (internal/modules/cjs/helpers.js:77:18)
    at Object.<anonymous> (C:\Users\91978\Desktop\Mentor\app.js:10:20)
    at Module._compile (internal/modules/cjs/loader.js:1133:30)
    at Object.Module._extensions..js (internal/modules/cjs/loader.js:1153:10)
    at Module.load (internal/modules/cjs/loader.js:977:32)
    at Function.Module._load (internal/modules/cjs/loader.js:877:14) undefined
2020-05-16T12:39:21.266Z [31m[1merror[22m[39m: 	uncaughtException: Route.get() requires a callback function but got a [object Object]
Error: Route.get() requires a callback function but got a [object Object]
    at Route.<computed> [as get] (C:\Users\91978\Desktop\Mentor\node_modules\express\lib\router\route.js:202:15)
    at Function.proto.<computed> [as get] (C:\Users\91978\Desktop\Mentor\node_modules\express\lib\router\index.js:510:19)
    at Object.<anonymous> (C:\Users\91978\Desktop\Mentor\routes\user.js:7:8)
    at Module._compile (internal/modules/cjs/loader.js:1133:30)
    at Object.Module._extensions..js (internal/modules/cjs/loader.js:1153:10)
    at Module.load (internal/modules/cjs/loader.js:977:32)
    at Function.Module._load (internal/modules/cjs/loader.js:877:14)
    at Module.require (internal/modules/cjs/loader.js:1019:19)
    at require (internal/modules/cjs/helpers.js:77:18)
    at Object.<anonymous> (C:\Users\91978\Desktop\Mentor\app.js:10:20)
    at Module._compile (internal/modules/cjs/loader.js:1133:30)
    at Object.Module._extensions..js (internal/modules/cjs/loader.js:1153:10)
    at Module.load (internal/modules/cjs/loader.js:977:32)
    at Function.Module._load (internal/modules/cjs/loader.js:877:14)
    at Function.executeUserEntryPoint [as runMain] (internal/modules/run_main.js:74:12)
    at internal/main/run_main_module.js:18:47 undefined
2020-05-16T12:39:26.234Z [31m[1merror[22m[39m: 	uncaughtException: Route.get() requires a callback function but got a [object Object]
Error: Route.get() requires a callback function but got a [object Object]
    at Route.<computed> [as get] (C:\Users\91978\Desktop\Mentor\node_modules\express\lib\router\route.js:202:15)
    at Function.proto.<computed> [as get] (C:\Users\91978\Desktop\Mentor\node_modules\express\lib\router\index.js:510:19)
    at Object.<anonymous> (C:\Users\91978\Desktop\Mentor\routes\user.js:7:8)
    at Module._compile (internal/modules/cjs/loader.js:1133:30)
    at Object.Module._extensions..js (internal/modules/cjs/loader.js:1153:10)
    at Module.load (internal/modules/cjs/loader.js:977:32)
    at Function.Module._load (internal/modules/cjs/loader.js:877:14)
    at Module.require (internal/modules/cjs/loader.js:1019:19)
    at require (internal/modules/cjs/helpers.js:77:18)
    at Object.<anonymous> (C:\Users\91978\Desktop\Mentor\app.js:10:20)
    at Module._compile (internal/modules/cjs/loader.js:1133:30)
    at Object.Module._extensions..js (internal/modules/cjs/loader.js:1153:10)
    at Module.load (internal/modules/cjs/loader.js:977:32)
    at Function.Module._load (internal/modules/cjs/loader.js:877:14)
    at Function.executeUserEntryPoint [as runMain] (internal/modules/run_main.js:74:12)
    at internal/main/run_main_module.js:18:47 undefined
2020-05-16T12:40:32.396Z [31m[1merror[22m[39m: 	uncaughtException: Route.get() requires a callback function but got a [object Object]
Error: Route.get() requires a callback function but got a [object Object]
    at Route.<computed> [as get] (C:\Users\91978\Desktop\Mentor\node_modules\express\lib\router\route.js:202:15)
    at Function.proto.<computed> [as get] (C:\Users\91978\Desktop\Mentor\node_modules\express\lib\router\index.js:510:19)
    at Object.<anonymous> (C:\Users\91978\Desktop\Mentor\routes\user.js:7:8)
    at Module._compile (internal/modules/cjs/loader.js:1133:30)
    at Object.Module._extensions..js (internal/modules/cjs/loader.js:1153:10)
    at Module.load (internal/modules/cjs/loader.js:977:32)
    at Function.Module._load (internal/modules/cjs/loader.js:877:14)
    at Module.require (internal/modules/cjs/loader.js:1019:19)
    at require (internal/modules/cjs/helpers.js:77:18)
    at Object.<anonymous> (C:\Users\91978\Desktop\Mentor\app.js:10:20)
    at Module._compile (internal/modules/cjs/loader.js:1133:30)
    at Object.Module._extensions..js (internal/modules/cjs/loader.js:1153:10)
    at Module.load (internal/modules/cjs/loader.js:977:32)
    at Function.Module._load (internal/modules/cjs/loader.js:877:14)
    at Function.executeUserEntryPoint [as runMain] (internal/modules/run_main.js:74:12)
    at internal/main/run_main_module.js:18:47 undefined
2020-05-16T12:40:43.567Z [31m[1merror[22m[39m: 	uncaughtException: Route.get() requires a callback function but got a [object Object]
Error: Route.get() requires a callback function but got a [object Object]
    at Route.<computed> [as get] (C:\Users\91978\Desktop\Mentor\node_modules\express\lib\router\route.js:202:15)
    at Function.proto.<computed> [as get] (C:\Users\91978\Desktop\Mentor\node_modules\express\lib\router\index.js:510:19)
    at Object.<anonymous> (C:\Users\91978\Desktop\Mentor\routes\user.js:7:8)
    at Module._compile (internal/modules/cjs/loader.js:1133:30)
    at Object.Module._extensions..js (internal/modules/cjs/loader.js:1153:10)
    at Module.load (internal/modules/cjs/loader.js:977:32)
    at Function.Module._load (internal/modules/cjs/loader.js:877:14)
    at Module.require (internal/modules/cjs/loader.js:1019:19)
    at require (internal/modules/cjs/helpers.js:77:18)
    at Object.<anonymous> (C:\Users\91978\Desktop\Mentor\app.js:10:20)
    at Module._compile (internal/modules/cjs/loader.js:1133:30)
    at Object.Module._extensions..js (internal/modules/cjs/loader.js:1153:10)
    at Module.load (internal/modules/cjs/loader.js:977:32)
    at Function.Module._load (internal/modules/cjs/loader.js:877:14)
    at Function.executeUserEntryPoint [as runMain] (internal/modules/run_main.js:74:12)
    at internal/main/run_main_module.js:18:47 undefined
2020-05-16T12:41:52.013Z [31m[1merror[22m[39m: 	uncaughtException: Route.get() requires a callback function but got a [object Object]
Error: Route.get() requires a callback function but got a [object Object]
    at Route.<computed> [as get] (C:\Users\91978\Desktop\Mentor\node_modules\express\lib\router\route.js:202:15)
    at Function.proto.<computed> [as get] (C:\Users\91978\Desktop\Mentor\node_modules\express\lib\router\index.js:510:19)
    at Object.<anonymous> (C:\Users\91978\Desktop\Mentor\routes\user.js:7:8)
    at Module._compile (internal/modules/cjs/loader.js:1133:30)
    at Object.Module._extensions..js (internal/modules/cjs/loader.js:1153:10)
    at Module.load (internal/modules/cjs/loader.js:977:32)
    at Function.Module._load (internal/modules/cjs/loader.js:877:14)
    at Module.require (internal/modules/cjs/loader.js:1019:19)
    at require (internal/modules/cjs/helpers.js:77:18)
    at Object.<anonymous> (C:\Users\91978\Desktop\Mentor\app.js:10:20)
    at Module._compile (internal/modules/cjs/loader.js:1133:30)
    at Object.Module._extensions..js (internal/modules/cjs/loader.js:1153:10)
    at Module.load (internal/modules/cjs/loader.js:977:32)
    at Function.Module._load (internal/modules/cjs/loader.js:877:14)
    at Function.executeUserEntryPoint [as runMain] (internal/modules/run_main.js:74:12)
    at internal/main/run_main_module.js:18:47 undefined
2020-05-16T12:43:45.497Z [31m[1merror[22m[39m: 	uncaughtException: Route.get() requires a callback function but got a [object Object]
Error: Route.get() requires a callback function but got a [object Object]
    at Route.<computed> [as get] (C:\Users\91978\Desktop\Mentor\node_modules\express\lib\router\route.js:202:15)
    at Function.proto.<computed> [as get] (C:\Users\91978\Desktop\Mentor\node_modules\express\lib\router\index.js:510:19)
    at Object.<anonymous> (C:\Users\91978\Desktop\Mentor\routes\user.js:7:8)
    at Module._compile (internal/modules/cjs/loader.js:1133:30)
    at Object.Module._extensions..js (internal/modules/cjs/loader.js:1153:10)
    at Module.load (internal/modules/cjs/loader.js:977:32)
    at Function.Module._load (internal/modules/cjs/loader.js:877:14)
    at Module.require (internal/modules/cjs/loader.js:1019:19)
    at require (internal/modules/cjs/helpers.js:77:18)
    at Object.<anonymous> (C:\Users\91978\Desktop\Mentor\app.js:10:20)
    at Module._compile (internal/modules/cjs/loader.js:1133:30)
    at Object.Module._extensions..js (internal/modules/cjs/loader.js:1153:10)
    at Module.load (internal/modules/cjs/loader.js:977:32)
    at Function.Module._load (internal/modules/cjs/loader.js:877:14)
    at Function.executeUserEntryPoint [as runMain] (internal/modules/run_main.js:74:12)
    at internal/main/run_main_module.js:18:47 undefined
2020-05-16T12:44:24.871Z [31m[1merror[22m[39m: 	uncaughtException: Route.get() requires a callback function but got a [object Object]
Error: Route.get() requires a callback function but got a [object Object]
    at Route.<computed> [as get] (C:\Users\91978\Desktop\Mentor\node_modules\express\lib\router\route.js:202:15)
    at Function.proto.<computed> [as get] (C:\Users\91978\Desktop\Mentor\node_modules\express\lib\router\index.js:510:19)
    at Object.<anonymous> (C:\Users\91978\Desktop\Mentor\routes\user.js:7:8)
    at Module._compile (internal/modules/cjs/loader.js:1133:30)
    at Object.Module._extensions..js (internal/modules/cjs/loader.js:1153:10)
    at Module.load (internal/modules/cjs/loader.js:977:32)
    at Function.Module._load (internal/modules/cjs/loader.js:877:14)
    at Module.require (internal/modules/cjs/loader.js:1019:19)
    at require (internal/modules/cjs/helpers.js:77:18)
    at Object.<anonymous> (C:\Users\91978\Desktop\Mentor\app.js:10:20)
    at Module._compile (internal/modules/cjs/loader.js:1133:30)
    at Object.Module._extensions..js (internal/modules/cjs/loader.js:1153:10)
    at Module.load (internal/modules/cjs/loader.js:977:32)
    at Function.Module._load (internal/modules/cjs/loader.js:877:14)
    at Function.executeUserEntryPoint [as runMain] (internal/modules/run_main.js:74:12)
    at internal/main/run_main_module.js:18:47 undefined
2020-05-16T12:45:14.944Z [31m[1merror[22m[39m: 	uncaughtException: Unexpected token ';'
C:\Users\91978\Desktop\Mentor\authentication\verifyJwtToken.js:17
    };
     ^

SyntaxError: Unexpected token ';'
    at wrapSafe (internal/modules/cjs/loader.js:1047:16)
    at Module._compile (internal/modules/cjs/loader.js:1097:27)
    at Object.Module._extensions..js (internal/modules/cjs/loader.js:1153:10)
    at Module.load (internal/modules/cjs/loader.js:977:32)
    at Function.Module._load (internal/modules/cjs/loader.js:877:14)
    at Module.require (internal/modules/cjs/loader.js:1019:19)
    at require (internal/modules/cjs/helpers.js:77:18)
    at Object.<anonymous> (C:\Users\91978\Desktop\Mentor\routes\user.js:4:16)
    at Module._compile (internal/modules/cjs/loader.js:1133:30)
    at Object.Module._extensions..js (internal/modules/cjs/loader.js:1153:10)
    at Module.load (internal/modules/cjs/loader.js:977:32)
    at Function.Module._load (internal/modules/cjs/loader.js:877:14)
    at Module.require (internal/modules/cjs/loader.js:1019:19)
    at require (internal/modules/cjs/helpers.js:77:18)
    at Object.<anonymous> (C:\Users\91978\Desktop\Mentor\app.js:10:20)
    at Module._compile (internal/modules/cjs/loader.js:1133:30) undefined
2020-05-16T12:45:28.638Z [31m[1merror[22m[39m: 	uncaughtException: Route.get() requires a callback function but got a [object Object]
Error: Route.get() requires a callback function but got a [object Object]
    at Route.<computed> [as get] (C:\Users\91978\Desktop\Mentor\node_modules\express\lib\router\route.js:202:15)
    at Function.proto.<computed> [as get] (C:\Users\91978\Desktop\Mentor\node_modules\express\lib\router\index.js:510:19)
    at Object.<anonymous> (C:\Users\91978\Desktop\Mentor\routes\user.js:7:8)
    at Module._compile (internal/modules/cjs/loader.js:1133:30)
    at Object.Module._extensions..js (internal/modules/cjs/loader.js:1153:10)
    at Module.load (internal/modules/cjs/loader.js:977:32)
    at Function.Module._load (internal/modules/cjs/loader.js:877:14)
    at Module.require (internal/modules/cjs/loader.js:1019:19)
    at require (internal/modules/cjs/helpers.js:77:18)
    at Object.<anonymous> (C:\Users\91978\Desktop\Mentor\app.js:10:20)
    at Module._compile (internal/modules/cjs/loader.js:1133:30)
    at Object.Module._extensions..js (internal/modules/cjs/loader.js:1153:10)
    at Module.load (internal/modules/cjs/loader.js:977:32)
    at Function.Module._load (internal/modules/cjs/loader.js:877:14)
    at Function.executeUserEntryPoint [as runMain] (internal/modules/run_main.js:74:12)
    at internal/main/run_main_module.js:18:47 undefined
2020-05-16T12:45:42.736Z [31m[1merror[22m[39m: 	uncaughtException: Route.get() requires a callback function but got a [object Object]
Error: Route.get() requires a callback function but got a [object Object]
    at Route.<computed> [as get] (C:\Users\91978\Desktop\Mentor\node_modules\express\lib\router\route.js:202:15)
    at Function.proto.<computed> [as get] (C:\Users\91978\Desktop\Mentor\node_modules\express\lib\router\index.js:510:19)
    at Object.<anonymous> (C:\Users\91978\Desktop\Mentor\routes\user.js:7:8)
    at Module._compile (internal/modules/cjs/loader.js:1133:30)
    at Object.Module._extensions..js (internal/modules/cjs/loader.js:1153:10)
    at Module.load (internal/modules/cjs/loader.js:977:32)
    at Function.Module._load (internal/modules/cjs/loader.js:877:14)
    at Module.require (internal/modules/cjs/loader.js:1019:19)
    at require (internal/modules/cjs/helpers.js:77:18)
    at Object.<anonymous> (C:\Users\91978\Desktop\Mentor\app.js:10:20)
    at Module._compile (internal/modules/cjs/loader.js:1133:30)
    at Object.Module._extensions..js (internal/modules/cjs/loader.js:1153:10)
    at Module.load (internal/modules/cjs/loader.js:977:32)
    at Function.Module._load (internal/modules/cjs/loader.js:877:14)
    at Function.executeUserEntryPoint [as runMain] (internal/modules/run_main.js:74:12)
    at internal/main/run_main_module.js:18:47 undefined
2020-05-16T12:45:47.076Z [31m[1merror[22m[39m: 	uncaughtException: Route.get() requires a callback function but got a [object Object]
Error: Route.get() requires a callback function but got a [object Object]
    at Route.<computed> [as get] (C:\Users\91978\Desktop\Mentor\node_modules\express\lib\router\route.js:202:15)
    at Function.proto.<computed> [as get] (C:\Users\91978\Desktop\Mentor\node_modules\express\lib\router\index.js:510:19)
    at Object.<anonymous> (C:\Users\91978\Desktop\Mentor\routes\user.js:7:8)
    at Module._compile (internal/modules/cjs/loader.js:1133:30)
    at Object.Module._extensions..js (internal/modules/cjs/loader.js:1153:10)
    at Module.load (internal/modules/cjs/loader.js:977:32)
    at Function.Module._load (internal/modules/cjs/loader.js:877:14)
    at Module.require (internal/modules/cjs/loader.js:1019:19)
    at require (internal/modules/cjs/helpers.js:77:18)
    at Object.<anonymous> (C:\Users\91978\Desktop\Mentor\app.js:10:20)
    at Module._compile (internal/modules/cjs/loader.js:1133:30)
    at Object.Module._extensions..js (internal/modules/cjs/loader.js:1153:10)
    at Module.load (internal/modules/cjs/loader.js:977:32)
    at Function.Module._load (internal/modules/cjs/loader.js:877:14)
    at Function.executeUserEntryPoint [as runMain] (internal/modules/run_main.js:74:12)
    at internal/main/run_main_module.js:18:47 undefined
2020-05-16T12:46:38.428Z [31m[1merror[22m[39m: 	uncaughtException: Route.get() requires a callback function but got a [object Object]
Error: Route.get() requires a callback function but got a [object Object]
    at Route.<computed> [as get] (C:\Users\91978\Desktop\Mentor\node_modules\express\lib\router\route.js:202:15)
    at Function.proto.<computed> [as get] (C:\Users\91978\Desktop\Mentor\node_modules\express\lib\router\index.js:510:19)
    at Object.<anonymous> (C:\Users\91978\Desktop\Mentor\routes\user.js:7:8)
    at Module._compile (internal/modules/cjs/loader.js:1133:30)
    at Object.Module._extensions..js (internal/modules/cjs/loader.js:1153:10)
    at Module.load (internal/modules/cjs/loader.js:977:32)
    at Function.Module._load (internal/modules/cjs/loader.js:877:14)
    at Module.require (internal/modules/cjs/loader.js:1019:19)
    at require (internal/modules/cjs/helpers.js:77:18)
    at Object.<anonymous> (C:\Users\91978\Desktop\Mentor\app.js:10:20)
    at Module._compile (internal/modules/cjs/loader.js:1133:30)
    at Object.Module._extensions..js (internal/modules/cjs/loader.js:1153:10)
    at Module.load (internal/modules/cjs/loader.js:977:32)
    at Function.Module._load (internal/modules/cjs/loader.js:877:14)
    at Function.executeUserEntryPoint [as runMain] (internal/modules/run_main.js:74:12)
    at internal/main/run_main_module.js:18:47 undefined
2020-05-16T12:47:03.236Z [31m[1merror[22m[39m: 	uncaughtException: Route.get() requires a callback function but got a [object Object]
Error: Route.get() requires a callback function but got a [object Object]
    at Route.<computed> [as get] (C:\Users\91978\Desktop\Mentor\node_modules\express\lib\router\route.js:202:15)
    at Function.proto.<computed> [as get] (C:\Users\91978\Desktop\Mentor\node_modules\express\lib\router\index.js:510:19)
    at Object.<anonymous> (C:\Users\91978\Desktop\Mentor\routes\user.js:7:8)
    at Module._compile (internal/modules/cjs/loader.js:1133:30)
    at Object.Module._extensions..js (internal/modules/cjs/loader.js:1153:10)
    at Module.load (internal/modules/cjs/loader.js:977:32)
    at Function.Module._load (internal/modules/cjs/loader.js:877:14)
    at Module.require (internal/modules/cjs/loader.js:1019:19)
    at require (internal/modules/cjs/helpers.js:77:18)
    at Object.<anonymous> (C:\Users\91978\Desktop\Mentor\app.js:10:20)
    at Module._compile (internal/modules/cjs/loader.js:1133:30)
    at Object.Module._extensions..js (internal/modules/cjs/loader.js:1153:10)
    at Module.load (internal/modules/cjs/loader.js:977:32)
    at Function.Module._load (internal/modules/cjs/loader.js:877:14)
    at Function.executeUserEntryPoint [as runMain] (internal/modules/run_main.js:74:12)
    at internal/main/run_main_module.js:18:47 undefined
2020-05-16T12:47:17.593Z [31m[1merror[22m[39m: 	uncaughtException: Route.get() requires a callback function but got a [object Object]
Error: Route.get() requires a callback function but got a [object Object]
    at Route.<computed> [as get] (C:\Users\91978\Desktop\Mentor\node_modules\express\lib\router\route.js:202:15)
    at Function.proto.<computed> [as get] (C:\Users\91978\Desktop\Mentor\node_modules\express\lib\router\index.js:510:19)
    at Object.<anonymous> (C:\Users\91978\Desktop\Mentor\routes\user.js:7:8)
    at Module._compile (internal/modules/cjs/loader.js:1133:30)
    at Object.Module._extensions..js (internal/modules/cjs/loader.js:1153:10)
    at Module.load (internal/modules/cjs/loader.js:977:32)
    at Function.Module._load (internal/modules/cjs/loader.js:877:14)
    at Module.require (internal/modules/cjs/loader.js:1019:19)
    at require (internal/modules/cjs/helpers.js:77:18)
    at Object.<anonymous> (C:\Users\91978\Desktop\Mentor\app.js:10:20)
    at Module._compile (internal/modules/cjs/loader.js:1133:30)
    at Object.Module._extensions..js (internal/modules/cjs/loader.js:1153:10)
    at Module.load (internal/modules/cjs/loader.js:977:32)
    at Function.Module._load (internal/modules/cjs/loader.js:877:14)
    at Function.executeUserEntryPoint [as runMain] (internal/modules/run_main.js:74:12)
    at internal/main/run_main_module.js:18:47 undefined
2020-05-16T12:47:23.754Z [31m[1merror[22m[39m: 	uncaughtException: Unexpected token '('
C:\Users\91978\Desktop\Mentor\authentication\verifyJwtToken.js:6
    (req, res, next) {
    ^

SyntaxError: Unexpected token '('
    at wrapSafe (internal/modules/cjs/loader.js:1047:16)
    at Module._compile (internal/modules/cjs/loader.js:1097:27)
    at Object.Module._extensions..js (internal/modules/cjs/loader.js:1153:10)
    at Module.load (internal/modules/cjs/loader.js:977:32)
    at Function.Module._load (internal/modules/cjs/loader.js:877:14)
    at Module.require (internal/modules/cjs/loader.js:1019:19)
    at require (internal/modules/cjs/helpers.js:77:18)
    at Object.<anonymous> (C:\Users\91978\Desktop\Mentor\routes\user.js:4:16)
    at Module._compile (internal/modules/cjs/loader.js:1133:30)
    at Object.Module._extensions..js (internal/modules/cjs/loader.js:1153:10)
    at Module.load (internal/modules/cjs/loader.js:977:32)
    at Function.Module._load (internal/modules/cjs/loader.js:877:14)
    at Module.require (internal/modules/cjs/loader.js:1019:19)
    at require (internal/modules/cjs/helpers.js:77:18)
    at Object.<anonymous> (C:\Users\91978\Desktop\Mentor\app.js:10:20)
    at Module._compile (internal/modules/cjs/loader.js:1133:30) undefined
2020-05-16T12:47:47.757Z [31m[1merror[22m[39m: 	uncaughtException: Route.get() requires a callback function but got a [object Object]
Error: Route.get() requires a callback function but got a [object Object]
    at Route.<computed> [as get] (C:\Users\91978\Desktop\Mentor\node_modules\express\lib\router\route.js:202:15)
    at Function.proto.<computed> [as get] (C:\Users\91978\Desktop\Mentor\node_modules\express\lib\router\index.js:510:19)
    at Object.<anonymous> (C:\Users\91978\Desktop\Mentor\routes\user.js:7:8)
    at Module._compile (internal/modules/cjs/loader.js:1133:30)
    at Object.Module._extensions..js (internal/modules/cjs/loader.js:1153:10)
    at Module.load (internal/modules/cjs/loader.js:977:32)
    at Function.Module._load (internal/modules/cjs/loader.js:877:14)
    at Module.require (internal/modules/cjs/loader.js:1019:19)
    at require (internal/modules/cjs/helpers.js:77:18)
    at Object.<anonymous> (C:\Users\91978\Desktop\Mentor\app.js:10:20)
    at Module._compile (internal/modules/cjs/loader.js:1133:30)
    at Object.Module._extensions..js (internal/modules/cjs/loader.js:1153:10)
    at Module.load (internal/modules/cjs/loader.js:977:32)
    at Function.Module._load (internal/modules/cjs/loader.js:877:14)
    at Function.executeUserEntryPoint [as runMain] (internal/modules/run_main.js:74:12)
    at internal/main/run_main_module.js:18:47 undefined
2020-05-16T12:48:17.776Z [31m[1merror[22m[39m: 	uncaughtException: Unexpected token '{'
C:\Users\91978\Desktop\Mentor\authentication\verifyJwtToken.js:6
    function: auth (req, res, next) {
                                    ^

SyntaxError: Unexpected token '{'
    at wrapSafe (internal/modules/cjs/loader.js:1047:16)
    at Module._compile (internal/modules/cjs/loader.js:1097:27)
    at Object.Module._extensions..js (internal/modules/cjs/loader.js:1153:10)
    at Module.load (internal/modules/cjs/loader.js:977:32)
    at Function.Module._load (internal/modules/cjs/loader.js:877:14)
    at Module.require (internal/modules/cjs/loader.js:1019:19)
    at require (internal/modules/cjs/helpers.js:77:18)
    at Object.<anonymous> (C:\Users\91978\Desktop\Mentor\routes\user.js:4:16)
    at Module._compile (internal/modules/cjs/loader.js:1133:30)
    at Object.Module._extensions..js (internal/modules/cjs/loader.js:1153:10)
    at Module.load (internal/modules/cjs/loader.js:977:32)
    at Function.Module._load (internal/modules/cjs/loader.js:877:14)
    at Module.require (internal/modules/cjs/loader.js:1019:19)
    at require (internal/modules/cjs/helpers.js:77:18)
    at Object.<anonymous> (C:\Users\91978\Desktop\Mentor\app.js:10:20)
    at Module._compile (internal/modules/cjs/loader.js:1133:30) undefined
2020-05-16T20:06:43.742Z : 	uncaughtException: Invalid schema configuration: `URL` is not a valid type at path `storePhoto`. See http://bit.ly/mongoose-schematypes for a list of valid schema types.
TypeError: Invalid schema configuration: `URL` is not a valid type at path `storePhoto`. See http://bit.ly/mongoose-schematypes for a list of valid schema types.
    at Schema.interpretAsType (C:\Users\91978\Desktop\Mentor\node_modules\mongoose\lib\schema.js:987:11)
    at Schema.path (C:\Users\91978\Desktop\Mentor\node_modules\mongoose\lib\schema.js:679:27)
    at Schema.add (C:\Users\91978\Desktop\Mentor\node_modules\mongoose\lib\schema.js:519:14)
    at new Schema (C:\Users\91978\Desktop\Mentor\node_modules\mongoose\lib\schema.js:130:10)
    at Object.<anonymous> (C:\Users\91978\Desktop\Mentor\models\store.js:4:15)
    at Module._compile (internal/modules/cjs/loader.js:1133:30)
    at Object.Module._extensions..js (internal/modules/cjs/loader.js:1153:10)
    at Module.load (internal/modules/cjs/loader.js:977:32)
    at Function.Module._load (internal/modules/cjs/loader.js:877:14)
    at Module.require (internal/modules/cjs/loader.js:1019:19)
    at require (internal/modules/cjs/helpers.js:77:18)
    at Object.<anonymous> (C:\Users\91978\Desktop\Mentor\routes\user.js:5:15)
    at Module._compile (internal/modules/cjs/loader.js:1133:30)
    at Object.Module._extensions..js (internal/modules/cjs/loader.js:1153:10)
    at Module.load (internal/modules/cjs/loader.js:977:32)
    at Function.Module._load (internal/modules/cjs/loader.js:877:14) undefined
2020-05-16T20:06:53.720Z : 	uncaughtException: Invalid schema configuration: `URL` is not a valid type at path `storePhoto`. See http://bit.ly/mongoose-schematypes for a list of valid schema types.
TypeError: Invalid schema configuration: `URL` is not a valid type at path `storePhoto`. See http://bit.ly/mongoose-schematypes for a list of valid schema types.
    at Schema.interpretAsType (C:\Users\91978\Desktop\Mentor\node_modules\mongoose\lib\schema.js:987:11)
    at Schema.path (C:\Users\91978\Desktop\Mentor\node_modules\mongoose\lib\schema.js:679:27)
    at Schema.add (C:\Users\91978\Desktop\Mentor\node_modules\mongoose\lib\schema.js:519:14)
    at new Schema (C:\Users\91978\Desktop\Mentor\node_modules\mongoose\lib\schema.js:130:10)
    at Object.<anonymous> (C:\Users\91978\Desktop\Mentor\models\store.js:4:15)
    at Module._compile (internal/modules/cjs/loader.js:1133:30)
    at Object.Module._extensions..js (internal/modules/cjs/loader.js:1153:10)
    at Module.load (internal/modules/cjs/loader.js:977:32)
    at Function.Module._load (internal/modules/cjs/loader.js:877:14)
    at Module.require (internal/modules/cjs/loader.js:1019:19)
    at require (internal/modules/cjs/helpers.js:77:18)
    at Object.<anonymous> (C:\Users\91978\Desktop\Mentor\routes\user.js:5:15)
    at Module._compile (internal/modules/cjs/loader.js:1133:30)
    at Object.Module._extensions..js (internal/modules/cjs/loader.js:1153:10)
    at Module.load (internal/modules/cjs/loader.js:977:32)
    at Function.Module._load (internal/modules/cjs/loader.js:877:14) undefined
2020-05-16T20:06:59.635Z : 	uncaughtException: Invalid schema configuration: `URL` is not a valid type at path `storePhoto`. See http://bit.ly/mongoose-schematypes for a list of valid schema types.
TypeError: Invalid schema configuration: `URL` is not a valid type at path `storePhoto`. See http://bit.ly/mongoose-schematypes for a list of valid schema types.
    at Schema.interpretAsType (C:\Users\91978\Desktop\Mentor\node_modules\mongoose\lib\schema.js:987:11)
    at Schema.path (C:\Users\91978\Desktop\Mentor\node_modules\mongoose\lib\schema.js:679:27)
    at Schema.add (C:\Users\91978\Desktop\Mentor\node_modules\mongoose\lib\schema.js:519:14)
    at new Schema (C:\Users\91978\Desktop\Mentor\node_modules\mongoose\lib\schema.js:130:10)
    at Object.<anonymous> (C:\Users\91978\Desktop\Mentor\models\store.js:4:15)
    at Module._compile (internal/modules/cjs/loader.js:1133:30)
    at Object.Module._extensions..js (internal/modules/cjs/loader.js:1153:10)
    at Module.load (internal/modules/cjs/loader.js:977:32)
    at Function.Module._load (internal/modules/cjs/loader.js:877:14)
    at Module.require (internal/modules/cjs/loader.js:1019:19)
    at require (internal/modules/cjs/helpers.js:77:18)
    at Object.<anonymous> (C:\Users\91978\Desktop\Mentor\routes\user.js:5:15)
    at Module._compile (internal/modules/cjs/loader.js:1133:30)
    at Object.Module._extensions..js (internal/modules/cjs/loader.js:1153:10)
    at Module.load (internal/modules/cjs/loader.js:977:32)
    at Function.Module._load (internal/modules/cjs/loader.js:877:14) undefined
2020-05-16T20:07:21.130Z : 	uncaughtException: Invalid schema configuration: `URL` is not a valid type at path `storePhoto`. See http://bit.ly/mongoose-schematypes for a list of valid schema types.
TypeError: Invalid schema configuration: `URL` is not a valid type at path `storePhoto`. See http://bit.ly/mongoose-schematypes for a list of valid schema types.
    at Schema.interpretAsType (C:\Users\91978\Desktop\Mentor\node_modules\mongoose\lib\schema.js:987:11)
    at Schema.path (C:\Users\91978\Desktop\Mentor\node_modules\mongoose\lib\schema.js:679:27)
    at Schema.add (C:\Users\91978\Desktop\Mentor\node_modules\mongoose\lib\schema.js:519:14)
    at new Schema (C:\Users\91978\Desktop\Mentor\node_modules\mongoose\lib\schema.js:130:10)
    at Object.<anonymous> (C:\Users\91978\Desktop\Mentor\models\store.js:4:15)
    at Module._compile (internal/modules/cjs/loader.js:1133:30)
    at Object.Module._extensions..js (internal/modules/cjs/loader.js:1153:10)
    at Module.load (internal/modules/cjs/loader.js:977:32)
    at Function.Module._load (internal/modules/cjs/loader.js:877:14)
    at Module.require (internal/modules/cjs/loader.js:1019:19)
    at require (internal/modules/cjs/helpers.js:77:18)
    at Object.<anonymous> (C:\Users\91978\Desktop\Mentor\routes\user.js:5:15)
    at Module._compile (internal/modules/cjs/loader.js:1133:30)
    at Object.Module._extensions..js (internal/modules/cjs/loader.js:1153:10)
    at Module.load (internal/modules/cjs/loader.js:977:32)
    at Function.Module._load (internal/modules/cjs/loader.js:877:14) undefined
2020-05-16T20:07:26.766Z : 	uncaughtException: Invalid schema configuration: `URL` is not a valid type at path `storePhoto`. See http://bit.ly/mongoose-schematypes for a list of valid schema types.
TypeError: Invalid schema configuration: `URL` is not a valid type at path `storePhoto`. See http://bit.ly/mongoose-schematypes for a list of valid schema types.
    at Schema.interpretAsType (C:\Users\91978\Desktop\Mentor\node_modules\mongoose\lib\schema.js:987:11)
    at Schema.path (C:\Users\91978\Desktop\Mentor\node_modules\mongoose\lib\schema.js:679:27)
    at Schema.add (C:\Users\91978\Desktop\Mentor\node_modules\mongoose\lib\schema.js:519:14)
    at new Schema (C:\Users\91978\Desktop\Mentor\node_modules\mongoose\lib\schema.js:130:10)
    at Object.<anonymous> (C:\Users\91978\Desktop\Mentor\models\store.js:4:15)
    at Module._compile (internal/modules/cjs/loader.js:1133:30)
    at Object.Module._extensions..js (internal/modules/cjs/loader.js:1153:10)
    at Module.load (internal/modules/cjs/loader.js:977:32)
    at Function.Module._load (internal/modules/cjs/loader.js:877:14)
    at Module.require (internal/modules/cjs/loader.js:1019:19)
    at require (internal/modules/cjs/helpers.js:77:18)
    at Object.<anonymous> (C:\Users\91978\Desktop\Mentor\routes\user.js:5:15)
    at Module._compile (internal/modules/cjs/loader.js:1133:30)
    at Object.Module._extensions..js (internal/modules/cjs/loader.js:1153:10)
    at Module.load (internal/modules/cjs/loader.js:977:32)
    at Function.Module._load (internal/modules/cjs/loader.js:877:14) undefined
2020-05-16T20:07:33.696Z : 	uncaughtException: Invalid schema configuration: `URL` is not a valid type at path `storePhoto`. See http://bit.ly/mongoose-schematypes for a list of valid schema types.
TypeError: Invalid schema configuration: `URL` is not a valid type at path `storePhoto`. See http://bit.ly/mongoose-schematypes for a list of valid schema types.
    at Schema.interpretAsType (C:\Users\91978\Desktop\Mentor\node_modules\mongoose\lib\schema.js:987:11)
    at Schema.path (C:\Users\91978\Desktop\Mentor\node_modules\mongoose\lib\schema.js:679:27)
    at Schema.add (C:\Users\91978\Desktop\Mentor\node_modules\mongoose\lib\schema.js:519:14)
    at new Schema (C:\Users\91978\Desktop\Mentor\node_modules\mongoose\lib\schema.js:130:10)
    at Object.<anonymous> (C:\Users\91978\Desktop\Mentor\models\store.js:4:15)
    at Module._compile (internal/modules/cjs/loader.js:1133:30)
    at Object.Module._extensions..js (internal/modules/cjs/loader.js:1153:10)
    at Module.load (internal/modules/cjs/loader.js:977:32)
    at Function.Module._load (internal/modules/cjs/loader.js:877:14)
    at Module.require (internal/modules/cjs/loader.js:1019:19)
    at require (internal/modules/cjs/helpers.js:77:18)
    at Object.<anonymous> (C:\Users\91978\Desktop\Mentor\routes\user.js:5:15)
    at Module._compile (internal/modules/cjs/loader.js:1133:30)
    at Object.Module._extensions..js (internal/modules/cjs/loader.js:1153:10)
    at Module.load (internal/modules/cjs/loader.js:977:32)
    at Function.Module._load (internal/modules/cjs/loader.js:877:14) undefined
2020-05-16T20:08:15.921Z : 	uncaughtException: Invalid schema configuration: `URL` is not a valid type at path `storePhoto`. See http://bit.ly/mongoose-schematypes for a list of valid schema types.
TypeError: Invalid schema configuration: `URL` is not a valid type at path `storePhoto`. See http://bit.ly/mongoose-schematypes for a list of valid schema types.
    at Schema.interpretAsType (C:\Users\91978\Desktop\Mentor\node_modules\mongoose\lib\schema.js:987:11)
    at Schema.path (C:\Users\91978\Desktop\Mentor\node_modules\mongoose\lib\schema.js:679:27)
    at Schema.add (C:\Users\91978\Desktop\Mentor\node_modules\mongoose\lib\schema.js:519:14)
    at new Schema (C:\Users\91978\Desktop\Mentor\node_modules\mongoose\lib\schema.js:130:10)
    at Object.<anonymous> (C:\Users\91978\Desktop\Mentor\models\store.js:4:15)
    at Module._compile (internal/modules/cjs/loader.js:1133:30)
    at Object.Module._extensions..js (internal/modules/cjs/loader.js:1153:10)
    at Module.load (internal/modules/cjs/loader.js:977:32)
    at Function.Module._load (internal/modules/cjs/loader.js:877:14)
    at Module.require (internal/modules/cjs/loader.js:1019:19)
    at require (internal/modules/cjs/helpers.js:77:18)
    at Object.<anonymous> (C:\Users\91978\Desktop\Mentor\routes\user.js:5:15)
    at Module._compile (internal/modules/cjs/loader.js:1133:30)
    at Object.Module._extensions..js (internal/modules/cjs/loader.js:1153:10)
    at Module.load (internal/modules/cjs/loader.js:977:32)
    at Function.Module._load (internal/modules/cjs/loader.js:877:14) undefined
2020-05-16T20:08:21.904Z : 	uncaughtException: Invalid schema configuration: `URL` is not a valid type at path `storePhoto`. See http://bit.ly/mongoose-schematypes for a list of valid schema types.
TypeError: Invalid schema configuration: `URL` is not a valid type at path `storePhoto`. See http://bit.ly/mongoose-schematypes for a list of valid schema types.
    at Schema.interpretAsType (C:\Users\91978\Desktop\Mentor\node_modules\mongoose\lib\schema.js:987:11)
    at Schema.path (C:\Users\91978\Desktop\Mentor\node_modules\mongoose\lib\schema.js:679:27)
    at Schema.add (C:\Users\91978\Desktop\Mentor\node_modules\mongoose\lib\schema.js:519:14)
    at new Schema (C:\Users\91978\Desktop\Mentor\node_modules\mongoose\lib\schema.js:130:10)
    at Object.<anonymous> (C:\Users\91978\Desktop\Mentor\models\store.js:4:15)
    at Module._compile (internal/modules/cjs/loader.js:1133:30)
    at Object.Module._extensions..js (internal/modules/cjs/loader.js:1153:10)
    at Module.load (internal/modules/cjs/loader.js:977:32)
    at Function.Module._load (internal/modules/cjs/loader.js:877:14)
    at Module.require (internal/modules/cjs/loader.js:1019:19)
    at require (internal/modules/cjs/helpers.js:77:18)
    at Object.<anonymous> (C:\Users\91978\Desktop\Mentor\routes\user.js:5:15)
    at Module._compile (internal/modules/cjs/loader.js:1133:30)
    at Object.Module._extensions..js (internal/modules/cjs/loader.js:1153:10)
    at Module.load (internal/modules/cjs/loader.js:977:32)
    at Function.Module._load (internal/modules/cjs/loader.js:877:14) undefined
2020-05-17T18:04:30.785Z : 	uncaughtException: verify is not defined
ReferenceError: verify is not defined
    at Object.<anonymous> (C:\Users\91978\Desktop\Mentor\routes\store.js:6:23)
    at Module._compile (internal/modules/cjs/loader.js:1133:30)
    at Object.Module._extensions..js (internal/modules/cjs/loader.js:1153:10)
    at Module.load (internal/modules/cjs/loader.js:977:32)
    at Function.Module._load (internal/modules/cjs/loader.js:877:14)
    at Module.require (internal/modules/cjs/loader.js:1019:19)
    at require (internal/modules/cjs/helpers.js:77:18)
    at Object.<anonymous> (C:\Users\91978\Desktop\Mentor\app.js:12:21)
    at Module._compile (internal/modules/cjs/loader.js:1133:30)
    at Object.Module._extensions..js (internal/modules/cjs/loader.js:1153:10)
    at Module.load (internal/modules/cjs/loader.js:977:32)
    at Function.Module._load (internal/modules/cjs/loader.js:877:14)
    at Function.executeUserEntryPoint [as runMain] (internal/modules/run_main.js:74:12)
    at internal/main/run_main_module.js:18:47 undefined
2020-05-17T18:05:02.019Z : 	uncaughtException: verify is not defined
ReferenceError: verify is not defined
    at Object.<anonymous> (C:\Users\91978\Desktop\Mentor\routes\store.js:6:23)
    at Module._compile (internal/modules/cjs/loader.js:1133:30)
    at Object.Module._extensions..js (internal/modules/cjs/loader.js:1153:10)
    at Module.load (internal/modules/cjs/loader.js:977:32)
    at Function.Module._load (internal/modules/cjs/loader.js:877:14)
    at Module.require (internal/modules/cjs/loader.js:1019:19)
    at require (internal/modules/cjs/helpers.js:77:18)
    at Object.<anonymous> (C:\Users\91978\Desktop\Mentor\app.js:12:21)
    at Module._compile (internal/modules/cjs/loader.js:1133:30)
    at Object.Module._extensions..js (internal/modules/cjs/loader.js:1153:10)
    at Module.load (internal/modules/cjs/loader.js:977:32)
    at Function.Module._load (internal/modules/cjs/loader.js:877:14)
    at Function.executeUserEntryPoint [as runMain] (internal/modules/run_main.js:74:12)
    at internal/main/run_main_module.js:18:47 undefined
2020-05-17T18:05:13.165Z : 	uncaughtException: verify is not defined
ReferenceError: verify is not defined
    at Object.<anonymous> (C:\Users\91978\Desktop\Mentor\routes\store.js:8:18)
    at Module._compile (internal/modules/cjs/loader.js:1133:30)
    at Object.Module._extensions..js (internal/modules/cjs/loader.js:1153:10)
    at Module.load (internal/modules/cjs/loader.js:977:32)
    at Function.Module._load (internal/modules/cjs/loader.js:877:14)
    at Module.require (internal/modules/cjs/loader.js:1019:19)
    at require (internal/modules/cjs/helpers.js:77:18)
    at Object.<anonymous> (C:\Users\91978\Desktop\Mentor\app.js:12:21)
    at Module._compile (internal/modules/cjs/loader.js:1133:30)
    at Object.Module._extensions..js (internal/modules/cjs/loader.js:1153:10)
    at Module.load (internal/modules/cjs/loader.js:977:32)
    at Function.Module._load (internal/modules/cjs/loader.js:877:14)
    at Function.executeUserEntryPoint [as runMain] (internal/modules/run_main.js:74:12)
    at internal/main/run_main_module.js:18:47 undefined
2020-05-17T18:05:31.777Z : 	uncaughtException: verify is not defined
ReferenceError: verify is not defined
    at Object.<anonymous> (C:\Users\91978\Desktop\Mentor\routes\store.js:8:18)
    at Module._compile (internal/modules/cjs/loader.js:1133:30)
    at Object.Module._extensions..js (internal/modules/cjs/loader.js:1153:10)
    at Module.load (internal/modules/cjs/loader.js:977:32)
    at Function.Module._load (internal/modules/cjs/loader.js:877:14)
    at Module.require (internal/modules/cjs/loader.js:1019:19)
    at require (internal/modules/cjs/helpers.js:77:18)
    at Object.<anonymous> (C:\Users\91978\Desktop\Mentor\app.js:12:21)
    at Module._compile (internal/modules/cjs/loader.js:1133:30)
    at Object.Module._extensions..js (internal/modules/cjs/loader.js:1153:10)
    at Module.load (internal/modules/cjs/loader.js:977:32)
    at Function.Module._load (internal/modules/cjs/loader.js:877:14)
    at Function.executeUserEntryPoint [as runMain] (internal/modules/run_main.js:74:12)
    at internal/main/run_main_module.js:18:47 undefined
2020-05-17T18:05:53.747Z : 	uncaughtException: storeRouter is not defined
ReferenceError: storeRouter is not defined
    at Object.<anonymous> (C:\Users\91978\Desktop\Mentor\app.js:25:19)
    at Module._compile (internal/modules/cjs/loader.js:1133:30)
    at Object.Module._extensions..js (internal/modules/cjs/loader.js:1153:10)
    at Module.load (internal/modules/cjs/loader.js:977:32)
    at Function.Module._load (internal/modules/cjs/loader.js:877:14)
    at Function.executeUserEntryPoint [as runMain] (internal/modules/run_main.js:74:12)
    at internal/main/run_main_module.js:18:47 undefined
2020-05-17T18:06:03.487Z : 	uncaughtException: verify is not defined
ReferenceError: verify is not defined
    at Object.<anonymous> (C:\Users\91978\Desktop\Mentor\routes\store.js:8:18)
    at Module._compile (internal/modules/cjs/loader.js:1133:30)
    at Object.Module._extensions..js (internal/modules/cjs/loader.js:1153:10)
    at Module.load (internal/modules/cjs/loader.js:977:32)
    at Function.Module._load (internal/modules/cjs/loader.js:877:14)
    at Module.require (internal/modules/cjs/loader.js:1019:19)
    at require (internal/modules/cjs/helpers.js:77:18)
    at Object.<anonymous> (C:\Users\91978\Desktop\Mentor\app.js:12:21)
    at Module._compile (internal/modules/cjs/loader.js:1133:30)
    at Object.Module._extensions..js (internal/modules/cjs/loader.js:1153:10)
    at Module.load (internal/modules/cjs/loader.js:977:32)
    at Function.Module._load (internal/modules/cjs/loader.js:877:14)
    at Function.executeUserEntryPoint [as runMain] (internal/modules/run_main.js:74:12)
    at internal/main/run_main_module.js:18:47 undefined
2020-05-17T18:06:30.212Z : 	uncaughtException: verify is not defined
ReferenceError: verify is not defined
    at Object.<anonymous> (C:\Users\91978\Desktop\Mentor\routes\store.js:8:18)
    at Module._compile (internal/modules/cjs/loader.js:1133:30)
    at Object.Module._extensions..js (internal/modules/cjs/loader.js:1153:10)
    at Module.load (internal/modules/cjs/loader.js:977:32)
    at Function.Module._load (internal/modules/cjs/loader.js:877:14)
    at Module.require (internal/modules/cjs/loader.js:1019:19)
    at require (internal/modules/cjs/helpers.js:77:18)
    at Object.<anonymous> (C:\Users\91978\Desktop\Mentor\app.js:12:21)
    at Module._compile (internal/modules/cjs/loader.js:1133:30)
    at Object.Module._extensions..js (internal/modules/cjs/loader.js:1153:10)
    at Module.load (internal/modules/cjs/loader.js:977:32)
    at Function.Module._load (internal/modules/cjs/loader.js:877:14)
    at Function.executeUserEntryPoint [as runMain] (internal/modules/run_main.js:74:12)
    at internal/main/run_main_module.js:18:47 undefined
2020-05-17T18:06:41.269Z : 	uncaughtException: Cannot read property 'method' of undefined
TypeError: Cannot read property 'method' of undefined
    at Function.handle (C:\Users\91978\Desktop\Mentor\node_modules\express\lib\router\index.js:139:34)
    at router (C:\Users\91978\Desktop\Mentor\node_modules\express\lib\router\index.js:47:12)
    at Object.<anonymous> (C:\Users\91978\Desktop\Mentor\routes\register.js:11:18)
    at Module._compile (internal/modules/cjs/loader.js:1133:30)
    at Object.Module._extensions..js (internal/modules/cjs/loader.js:1153:10)
    at Module.load (internal/modules/cjs/loader.js:977:32)
    at Function.Module._load (internal/modules/cjs/loader.js:877:14)
    at Module.require (internal/modules/cjs/loader.js:1019:19)
    at require (internal/modules/cjs/helpers.js:77:18)
    at Object.<anonymous> (C:\Users\91978\Desktop\Mentor\app.js:11:24)
    at Module._compile (internal/modules/cjs/loader.js:1133:30)
    at Object.Module._extensions..js (internal/modules/cjs/loader.js:1153:10)
    at Module.load (internal/modules/cjs/loader.js:977:32)
    at Function.Module._load (internal/modules/cjs/loader.js:877:14)
    at Function.executeUserEntryPoint [as runMain] (internal/modules/run_main.js:74:12)
    at internal/main/run_main_module.js:18:47 undefined
2020-05-17T18:06:49.567Z : 	uncaughtException: verify is not defined
ReferenceError: verify is not defined
    at Object.<anonymous> (C:\Users\91978\Desktop\Mentor\routes\store.js:8:18)
    at Module._compile (internal/modules/cjs/loader.js:1133:30)
    at Object.Module._extensions..js (internal/modules/cjs/loader.js:1153:10)
    at Module.load (internal/modules/cjs/loader.js:977:32)
    at Function.Module._load (internal/modules/cjs/loader.js:877:14)
    at Module.require (internal/modules/cjs/loader.js:1019:19)
    at require (internal/modules/cjs/helpers.js:77:18)
    at Object.<anonymous> (C:\Users\91978\Desktop\Mentor\app.js:12:21)
    at Module._compile (internal/modules/cjs/loader.js:1133:30)
    at Object.Module._extensions..js (internal/modules/cjs/loader.js:1153:10)
    at Module.load (internal/modules/cjs/loader.js:977:32)
    at Function.Module._load (internal/modules/cjs/loader.js:877:14)
    at Function.executeUserEntryPoint [as runMain] (internal/modules/run_main.js:74:12)
    at internal/main/run_main_module.js:18:47 undefined
2020-05-17T18:07:08.063Z : 	uncaughtException: verify is not defined
ReferenceError: verify is not defined
    at Object.<anonymous> (C:\Users\91978\Desktop\Mentor\routes\store.js:8:18)
    at Module._compile (internal/modules/cjs/loader.js:1133:30)
    at Object.Module._extensions..js (internal/modules/cjs/loader.js:1153:10)
    at Module.load (internal/modules/cjs/loader.js:977:32)
    at Function.Module._load (internal/modules/cjs/loader.js:877:14)
    at Module.require (internal/modules/cjs/loader.js:1019:19)
    at require (internal/modules/cjs/helpers.js:77:18)
    at Object.<anonymous> (C:\Users\91978\Desktop\Mentor\app.js:12:21)
    at Module._compile (internal/modules/cjs/loader.js:1133:30)
    at Object.Module._extensions..js (internal/modules/cjs/loader.js:1153:10)
    at Module.load (internal/modules/cjs/loader.js:977:32)
    at Function.Module._load (internal/modules/cjs/loader.js:877:14)
    at Function.executeUserEntryPoint [as runMain] (internal/modules/run_main.js:74:12)
    at internal/main/run_main_module.js:18:47 undefined
2020-05-17T18:07:16.826Z : 	uncaughtException: verify is not defined
ReferenceError: verify is not defined
    at Object.<anonymous> (C:\Users\91978\Desktop\Mentor\routes\store.js:8:18)
    at Module._compile (internal/modules/cjs/loader.js:1133:30)
    at Object.Module._extensions..js (internal/modules/cjs/loader.js:1153:10)
    at Module.load (internal/modules/cjs/loader.js:977:32)
    at Function.Module._load (internal/modules/cjs/loader.js:877:14)
    at Module.require (internal/modules/cjs/loader.js:1019:19)
    at require (internal/modules/cjs/helpers.js:77:18)
    at Object.<anonymous> (C:\Users\91978\Desktop\Mentor\app.js:12:21)
    at Module._compile (internal/modules/cjs/loader.js:1133:30)
    at Object.Module._extensions..js (internal/modules/cjs/loader.js:1153:10)
    at Module.load (internal/modules/cjs/loader.js:977:32)
    at Function.Module._load (internal/modules/cjs/loader.js:877:14)
    at Function.executeUserEntryPoint [as runMain] (internal/modules/run_main.js:74:12)
    at internal/main/run_main_module.js:18:47 undefined
2020-05-17T18:50:59.899Z : 	uncaughtException: Unexpected token ';'
C:\Users\91978\Desktop\Mentor\models\category.js:28
        type: mongoose.Schema.Types.ObjectId;
                                            ^

SyntaxError: Unexpected token ';'
    at wrapSafe (internal/modules/cjs/loader.js:1047:16)
    at Module._compile (internal/modules/cjs/loader.js:1097:27)
    at Object.Module._extensions..js (internal/modules/cjs/loader.js:1153:10)
    at Module.load (internal/modules/cjs/loader.js:977:32)
    at Function.Module._load (internal/modules/cjs/loader.js:877:14)
    at Module.require (internal/modules/cjs/loader.js:1019:19)
    at require (internal/modules/cjs/helpers.js:77:18)
    at Object.<anonymous> (C:\Users\91978\Desktop\Mentor\routes\category.js:4:18)
    at Module._compile (internal/modules/cjs/loader.js:1133:30)
    at Object.Module._extensions..js (internal/modules/cjs/loader.js:1153:10)
    at Module.load (internal/modules/cjs/loader.js:977:32)
    at Function.Module._load (internal/modules/cjs/loader.js:877:14)
    at Module.require (internal/modules/cjs/loader.js:1019:19)
    at require (internal/modules/cjs/helpers.js:77:18)
    at Object.<anonymous> (C:\Users\91978\Desktop\Mentor\app.js:13:24)
    at Module._compile (internal/modules/cjs/loader.js:1133:30) undefined
2020-05-17T18:58:09.281Z : 	uncaughtException: await is only valid in async function
C:\Users\91978\Desktop\Mentor\routes\category.js:9
    const category = await Category.create({
                     ^^^^^

SyntaxError: await is only valid in async function
    at wrapSafe (internal/modules/cjs/loader.js:1047:16)
    at Module._compile (internal/modules/cjs/loader.js:1097:27)
    at Object.Module._extensions..js (internal/modules/cjs/loader.js:1153:10)
    at Module.load (internal/modules/cjs/loader.js:977:32)
    at Function.Module._load (internal/modules/cjs/loader.js:877:14)
    at Module.require (internal/modules/cjs/loader.js:1019:19)
    at require (internal/modules/cjs/helpers.js:77:18)
    at Object.<anonymous> (C:\Users\91978\Desktop\Mentor\app.js:13:24)
    at Module._compile (internal/modules/cjs/loader.js:1133:30)
    at Object.Module._extensions..js (internal/modules/cjs/loader.js:1153:10)
    at Module.load (internal/modules/cjs/loader.js:977:32)
    at Function.Module._load (internal/modules/cjs/loader.js:877:14)
    at Function.executeUserEntryPoint [as runMain] (internal/modules/run_main.js:74:12)
    at internal/main/run_main_module.js:18:47 undefined
2020-05-19T13:21:42.319Z : 	uncaughtException: Router.use() requires a middleware function but got a Object
TypeError: Router.use() requires a middleware function but got a Object
    at Function.use (C:\Users\91978\Desktop\Mentor\node_modules\express\lib\router\index.js:458:13)
    at Function.<anonymous> (C:\Users\91978\Desktop\Mentor\node_modules\express\lib\application.js:220:21)
    at Array.forEach (<anonymous>)
    at Function.use (C:\Users\91978\Desktop\Mentor\node_modules\express\lib\application.js:217:7)
    at Object.<anonymous> (C:\Users\91978\Desktop\Mentor\app.js:30:5)
    at Module._compile (internal/modules/cjs/loader.js:1133:30)
    at Object.Module._extensions..js (internal/modules/cjs/loader.js:1153:10)
    at Module.load (internal/modules/cjs/loader.js:977:32)
    at Function.Module._load (internal/modules/cjs/loader.js:877:14)
    at Function.executeUserEntryPoint [as runMain] (internal/modules/run_main.js:74:12)
    at internal/main/run_main_module.js:18:47 undefined
